# JRE version: OpenJDK Runtime Environment Temurin-21.0.8+9 (21.0.8+9) (build 21.0.8+9-LTS)
# Java VM: OpenJDK 64-Bit Server VM Temurin-21.0.8+9 (21.0.8+9-LTS, mixed mode, sharing, tiered, compressed oops, compressed class ptrs, parallel gc, windows-amd64)
GC Precious Log:
 CardTable entry size: 512
 CPUs: 20 total, 20 available
 Memory: 16081M
 Large Page Support: Disabled
 NUMA Support: Disabled
 Compressed Oops: Enabled (32-bit)
 Alignments: Space 512K, Generation 512K, Heap 2M
 Heap Min Capacity: 100M
 Heap Initial Capacity: 100M
 Heap Max Capacity: 2G
 Pre-touch: Disabled
 Parallel Workers: 15
Heap:
 PSYoungGen      total 10240K, used 10144K [0x00000000d5580000, 0x00000000d6700000, 0x0000000100000000)
  eden space 9728K, 100% used [0x00000000d5580000,0x00000000d5f00000,0x00000000d5f00000)
  from space 512K, 81% used [0x00000000d6680000,0x00000000d66e8000,0x00000000d6700000)
  to   space 1024K, 98% used [0x00000000d6500000,0x00000000d65fd220,0x00000000d6600000)
 ParOldGen       total 263680K, used 263677K [0x0000000080000000, 0x0000000090180000, 0x00000000d5580000)
  object space 263680K, 99% used [0x0000000080000000,0x000000009017f618,0x0000000090180000)
 Metaspace       used 72058K, committed 73728K, reserved 1179648K
  class space    used 7411K, committed 8128K, reserved 1048576K
GC Heap History (20 events):
Event: 2266.915 GC heap after
{Heap after GC invocations=124 (full 3):
 PSYoungGen      total 13824K, used 4078K [0x00000000d5580000, 0x00000000d7700000, 0x0000000100000000)
  eden space 9728K, 0% used [0x00000000d5580000,0x00000000d5580000,0x00000000d5f00000)
  from space 4096K, 99% used [0x00000000d6200000,0x00000000d65fb900,0x00000000d6600000)
  to   space 12288K, 0% used [0x00000000d6b00000,0x00000000d6b00000,0x00000000d7700000)
 ParOldGen       total 201216K, used 201213K [0x0000000080000000, 0x000000008c480000, 0x00000000d5580000)
  object space 201216K, 99% used [0x0000000080000000,0x000000008c47f720,0x000000008c480000)
 Metaspace       used 71573K, committed 73152K, reserved 1114112K
  class space    used 7371K, committed 8064K, reserved 1048576K
}
Event: 2266.996 GC heap before
{Heap before GC invocations=125 (full 3):
 PSYoungGen      total 13824K, used 13806K [0x00000000d5580000, 0x00000000d7700000, 0x0000000100000000)
  eden space 9728K, 100% used [0x00000000d5580000,0x00000000d5f00000,0x00000000d5f00000)
  from space 4096K, 99% used [0x00000000d6200000,0x00000000d65fb900,0x00000000d6600000)
  to   space 12288K, 0% used [0x00000000d6b00000,0x00000000d6b00000,0x00000000d7700000)
 ParOldGen       total 201216K, used 201213K [0x0000000080000000, 0x000000008c480000, 0x00000000d5580000)
  object space 201216K, 99% used [0x0000000080000000,0x000000008c47f720,0x000000008c480000)
 Metaspace       used 71577K, committed 73152K, reserved 1114112K
  class space    used 7372K, committed 8064K, reserved 1048576K
}
Event: 2267.002 GC heap after
{Heap after GC invocations=125 (full 3):
 PSYoungGen      total 17920K, used 7913K [0x00000000d5580000, 0x00000000d7300000, 0x0000000100000000)
  eden space 9728K, 0% used [0x00000000d5580000,0x00000000d5580000,0x00000000d5f00000)
  from space 8192K, 96% used [0x00000000d6b00000,0x00000000d72ba7f0,0x00000000d7300000)
  to   space 9216K, 0% used [0x00000000d6100000,0x00000000d6100000,0x00000000d6a00000)
 ParOldGen       total 205312K, used 205253K [0x0000000080000000, 0x000000008c880000, 0x00000000d5580000)
  object space 205312K, 99% used [0x0000000080000000,0x000000008c871720,0x000000008c880000)
 Metaspace       used 71577K, committed 73152K, reserved 1114112K
  class space    used 7372K, committed 8064K, reserved 1048576K
}
Event: 2267.086 GC heap before
{Heap before GC invocations=126 (full 3):
 PSYoungGen      total 17920K, used 17641K [0x00000000d5580000, 0x00000000d7300000, 0x0000000100000000)
  eden space 9728K, 99% used [0x00000000d5580000,0x00000000d5effff0,0x00000000d5f00000)
  from space 8192K, 96% used [0x00000000d6b00000,0x00000000d72ba7f0,0x00000000d7300000)
  to   space 9216K, 0% used [0x00000000d6100000,0x00000000d6100000,0x00000000d6a00000)
 ParOldGen       total 205312K, used 205253K [0x0000000080000000, 0x000000008c880000, 0x00000000d5580000)
  object space 205312K, 99% used [0x0000000080000000,0x000000008c871720,0x000000008c880000)
 Metaspace       used 71587K, committed 73152K, reserved 1114112K
  class space    used 7372K, committed 8064K, reserved 1048576K
}
Event: 2267.091 GC heap after
{Heap after GC invocations=126 (full 3):
 PSYoungGen      total 17408K, used 7595K [0x00000000d5580000, 0x00000000d6f00000, 0x0000000100000000)
  eden space 9728K, 0% used [0x00000000d5580000,0x00000000d5580000,0x00000000d5f00000)
  from space 7680K, 98% used [0x00000000d6100000,0x00000000d686ae28,0x00000000d6880000)
  to   space 6656K, 0% used [0x00000000d6880000,0x00000000d6880000,0x00000000d6f00000)
 ParOldGen       total 213504K, used 213007K [0x0000000080000000, 0x000000008d080000, 0x00000000d5580000)
  object space 213504K, 99% used [0x0000000080000000,0x000000008d003f10,0x000000008d080000)
 Metaspace       used 71587K, committed 73152K, reserved 1114112K
  class space    used 7372K, committed 8064K, reserved 1048576K
}
Event: 2338.581 GC heap before
{Heap before GC invocations=127 (full 3):
 PSYoungGen      total 17408K, used 17323K [0x00000000d5580000, 0x00000000d6f00000, 0x0000000100000000)
  eden space 9728K, 100% used [0x00000000d5580000,0x00000000d5f00000,0x00000000d5f00000)
  from space 7680K, 98% used [0x00000000d6100000,0x00000000d686ae28,0x00000000d6880000)
  to   space 6656K, 0% used [0x00000000d6880000,0x00000000d6880000,0x00000000d6f00000)
 ParOldGen       total 245248K, used 243727K [0x0000000080000000, 0x000000008ef80000, 0x00000000d5580000)
  object space 245248K, 99% used [0x0000000080000000,0x000000008ee03f40,0x000000008ef80000)
 Metaspace       used 71685K, committed 73280K, reserved 1114112K
  class space    used 7373K, committed 8064K, reserved 1048576K
}
Event: 2338.584 GC heap after
{Heap after GC invocations=127 (full 3):
 PSYoungGen      total 10240K, used 288K [0x00000000d5580000, 0x00000000d6900000, 0x0000000100000000)
  eden space 9728K, 0% used [0x00000000d5580000,0x00000000d5580000,0x00000000d5f00000)
  from space 512K, 56% used [0x00000000d6880000,0x00000000d68c8000,0x00000000d6900000)
  to   space 3072K, 0% used [0x00000000d6300000,0x00000000d6300000,0x00000000d6600000)
 ParOldGen       total 247808K, used 247607K [0x0000000080000000, 0x000000008f200000, 0x00000000d5580000)
  object space 247808K, 99% used [0x0000000080000000,0x000000008f1cdf40,0x000000008f200000)
 Metaspace       used 71685K, committed 73280K, reserved 1114112K
  class space    used 7373K, committed 8064K, reserved 1048576K
}
Event: 2338.661 GC heap before
{Heap before GC invocations=128 (full 3):
 PSYoungGen      total 10240K, used 10016K [0x00000000d5580000, 0x00000000d6900000, 0x0000000100000000)
  eden space 9728K, 100% used [0x00000000d5580000,0x00000000d5f00000,0x00000000d5f00000)
  from space 512K, 56% used [0x00000000d6880000,0x00000000d68c8000,0x00000000d6900000)
  to   space 3072K, 0% used [0x00000000d6300000,0x00000000d6300000,0x00000000d6600000)
 ParOldGen       total 247808K, used 247607K [0x0000000080000000, 0x000000008f200000, 0x00000000d5580000)
  object space 247808K, 99% used [0x0000000080000000,0x000000008f1cdf40,0x000000008f200000)
 Metaspace       used 71686K, committed 73280K, reserved 1114112K
  class space    used 7373K, committed 8064K, reserved 1048576K
}
Event: 2338.665 GC heap after
{Heap after GC invocations=128 (full 3):
 PSYoungGen      total 12800K, used 3040K [0x00000000d5580000, 0x00000000d7500000, 0x0000000100000000)
  eden space 9728K, 0% used [0x00000000d5580000,0x00000000d5580000,0x00000000d5f00000)
  from space 3072K, 98% used [0x00000000d6300000,0x00000000d65f8130,0x00000000d6600000)
  to   space 11264K, 0% used [0x00000000d6a00000,0x00000000d6a00000,0x00000000d7500000)
 ParOldGen       total 253952K, used 253903K [0x0000000080000000, 0x000000008f800000, 0x00000000d5580000)
  object space 253952K, 99% used [0x0000000080000000,0x000000008f7f3f40,0x000000008f800000)
 Metaspace       used 71686K, committed 73280K, reserved 1114112K
  class space    used 7373K, committed 8064K, reserved 1048576K
}
Event: 2338.729 GC heap before
{Heap before GC invocations=129 (full 3):
 PSYoungGen      total 12800K, used 12768K [0x00000000d5580000, 0x00000000d7500000, 0x0000000100000000)
  eden space 9728K, 100% used [0x00000000d5580000,0x00000000d5f00000,0x00000000d5f00000)
  from space 3072K, 98% used [0x00000000d6300000,0x00000000d65f8130,0x00000000d6600000)
  to   space 11264K, 0% used [0x00000000d6a00000,0x00000000d6a00000,0x00000000d7500000)
 ParOldGen       total 253952K, used 253903K [0x0000000080000000, 0x000000008f800000, 0x00000000d5580000)
  object space 253952K, 99% used [0x0000000080000000,0x000000008f7f3f40,0x000000008f800000)
 Metaspace       used 71686K, committed 73280K, reserved 1114112K
  class space    used 7373K, committed 8064K, reserved 1048576K
}
Event: 2338.730 GC heap after
{Heap after GC invocations=129 (full 3):
 PSYoungGen      total 12288K, used 2373K [0x00000000d5580000, 0x00000000d6c80000, 0x0000000100000000)
  eden space 9728K, 0% used [0x00000000d5580000,0x00000000d5580000,0x00000000d5f00000)
  from space 2560K, 92% used [0x00000000d6a00000,0x00000000d6c517f0,0x00000000d6c80000)
  to   space 5120K, 0% used [0x00000000d6280000,0x00000000d6280000,0x00000000d6780000)
 ParOldGen       total 254464K, used 254023K [0x0000000080000000, 0x000000008f880000, 0x00000000d5580000)
  object space 254464K, 99% used [0x0000000080000000,0x000000008f811f50,0x000000008f880000)
 Metaspace       used 71686K, committed 73280K, reserved 1114112K
  class space    used 7373K, committed 8064K, reserved 1048576K
}
Event: 2338.818 GC heap before
{Heap before GC invocations=130 (full 3):
 PSYoungGen      total 12288K, used 12073K [0x00000000d5580000, 0x00000000d6c80000, 0x0000000100000000)
  eden space 9728K, 99% used [0x00000000d5580000,0x00000000d5ef8c20,0x00000000d5f00000)
  from space 2560K, 92% used [0x00000000d6a00000,0x00000000d6c517f0,0x00000000d6c80000)
  to   space 5120K, 0% used [0x00000000d6280000,0x00000000d6280000,0x00000000d6780000)
 ParOldGen       total 254464K, used 254023K [0x0000000080000000, 0x000000008f880000, 0x00000000d5580000)
  object space 254464K, 99% used [0x0000000080000000,0x000000008f811f50,0x000000008f880000)
 Metaspace       used 71700K, committed 73344K, reserved 1114112K
  class space    used 7374K, committed 8064K, reserved 1048576K
}
Event: 2338.821 GC heap after
{Heap after GC invocations=130 (full 3):
 PSYoungGen      total 14848K, used 5115K [0x00000000d5580000, 0x00000000d7300000, 0x0000000100000000)
  eden space 9728K, 0% used [0x00000000d5580000,0x00000000d5580000,0x00000000d5f00000)
  from space 5120K, 99% used [0x00000000d6280000,0x00000000d677efe0,0x00000000d6780000)
  to   space 10240K, 0% used [0x00000000d6900000,0x00000000d6900000,0x00000000d7300000)
 ParOldGen       total 258048K, used 257757K [0x0000000080000000, 0x000000008fc00000, 0x00000000d5580000)
  object space 258048K, 99% used [0x0000000080000000,0x000000008fbb7740,0x000000008fc00000)
 Metaspace       used 71700K, committed 73344K, reserved 1114112K
  class space    used 7374K, committed 8064K, reserved 1048576K
}
Event: 2338.886 GC heap before
{Heap before GC invocations=131 (full 3):
 PSYoungGen      total 14848K, used 14625K [0x00000000d5580000, 0x00000000d7300000, 0x0000000100000000)
  eden space 9728K, 97% used [0x00000000d5580000,0x00000000d5ec9500,0x00000000d5f00000)
  from space 5120K, 99% used [0x00000000d6280000,0x00000000d677efe0,0x00000000d6780000)
  to   space 10240K, 0% used [0x00000000d6900000,0x00000000d6900000,0x00000000d7300000)
 ParOldGen       total 258048K, used 257757K [0x0000000080000000, 0x000000008fc00000, 0x00000000d5580000)
  object space 258048K, 99% used [0x0000000080000000,0x000000008fbb7740,0x000000008fc00000)
 Metaspace       used 71719K, committed 73344K, reserved 1114112K
  class space    used 7375K, committed 8064K, reserved 1048576K
}
Event: 2338.889 GC heap after
{Heap after GC invocations=131 (full 3):
 PSYoungGen      total 15360K, used 5220K [0x00000000d5580000, 0x00000000d6e80000, 0x0000000100000000)
  eden space 9728K, 0% used [0x00000000d5580000,0x00000000d5580000,0x00000000d5f00000)
  from space 5632K, 92% used [0x00000000d6900000,0x00000000d6e19370,0x00000000d6e80000)
  to   space 6656K, 0% used [0x00000000d6180000,0x00000000d6180000,0x00000000d6800000)
 ParOldGen       total 263168K, used 262966K [0x0000000080000000, 0x0000000090100000, 0x00000000d5580000)
  object space 263168K, 99% used [0x0000000080000000,0x00000000900cd9d0,0x0000000090100000)
 Metaspace       used 71719K, committed 73344K, reserved 1114112K
  class space    used 7375K, committed 8064K, reserved 1048576K
}
Event: 2338.967 GC heap before
{Heap before GC invocations=132 (full 3):
 PSYoungGen      total 15360K, used 13267K [0x00000000d5580000, 0x00000000d6e80000, 0x0000000100000000)
  eden space 9728K, 82% used [0x00000000d5580000,0x00000000d5d5b948,0x00000000d5f00000)
  from space 5632K, 92% used [0x00000000d6900000,0x00000000d6e19370,0x00000000d6e80000)
  to   space 6656K, 0% used [0x00000000d6180000,0x00000000d6180000,0x00000000d6800000)
 ParOldGen       total 263168K, used 262966K [0x0000000080000000, 0x0000000090100000, 0x00000000d5580000)
  object space 263168K, 99% used [0x0000000080000000,0x00000000900cd9d0,0x0000000090100000)
 Metaspace       used 71922K, committed 73536K, reserved 1179648K
  class space    used 7398K, committed 8064K, reserved 1048576K
}
Event: 2338.968 GC heap after
{Heap after GC invocations=132 (full 3):
 PSYoungGen      total 10752K, used 772K [0x00000000d5580000, 0x00000000d6980000, 0x0000000100000000)
  eden space 9728K, 0% used [0x00000000d5580000,0x00000000d5580000,0x00000000d5f00000)
  from space 1024K, 75% used [0x00000000d6180000,0x00000000d6241230,0x00000000d6280000)
  to   space 3072K, 0% used [0x00000000d6680000,0x00000000d6680000,0x00000000d6980000)
 ParOldGen       total 263168K, used 263070K [0x0000000080000000, 0x0000000090100000, 0x00000000d5580000)
  object space 263168K, 99% used [0x0000000080000000,0x00000000900e79d0,0x0000000090100000)
 Metaspace       used 71922K, committed 73536K, reserved 1179648K
  class space    used 7398K, committed 8064K, reserved 1048576K
}
Event: 2343.132 GC heap before
{Heap before GC invocations=133 (full 3):
 PSYoungGen      total 10752K, used 10500K [0x00000000d5580000, 0x00000000d6980000, 0x0000000100000000)
  eden space 9728K, 99% used [0x00000000d5580000,0x00000000d5effeb8,0x00000000d5f00000)
  from space 1024K, 75% used [0x00000000d6180000,0x00000000d6241230,0x00000000d6280000)
  to   space 3072K, 0% used [0x00000000d6680000,0x00000000d6680000,0x00000000d6980000)
 ParOldGen       total 263168K, used 263070K [0x0000000080000000, 0x0000000090100000, 0x00000000d5580000)
  object space 263168K, 99% used [0x0000000080000000,0x00000000900e79d0,0x0000000090100000)
 Metaspace       used 71952K, committed 73536K, reserved 1179648K
  class space    used 7401K, committed 8064K, reserved 1048576K
}
Event: 2343.134 GC heap after
{Heap after GC invocations=133 (full 3):
 PSYoungGen      total 10240K, used 416K [0x00000000d5580000, 0x00000000d6700000, 0x0000000100000000)
  eden space 9728K, 0% used [0x00000000d5580000,0x00000000d5580000,0x00000000d5f00000)
  from space 512K, 81% used [0x00000000d6680000,0x00000000d66e8000,0x00000000d6700000)
  to   space 1024K, 0% used [0x00000000d6500000,0x00000000d6500000,0x00000000d6600000)
 ParOldGen       total 263680K, used 263417K [0x0000000080000000, 0x0000000090180000, 0x00000000d5580000)
  object space 263680K, 99% used [0x0000000080000000,0x000000009013e5f8,0x0000000090180000)
 Metaspace       used 71952K, committed 73536K, reserved 1179648K
  class space    used 7401K, committed 8064K, reserved 1048576K
}
Event: 2343.174 GC heap before
{Heap before GC invocations=134 (full 3):
 PSYoungGen      total 10240K, used 10144K [0x00000000d5580000, 0x00000000d6700000, 0x0000000100000000)
  eden space 9728K, 100% used [0x00000000d5580000,0x00000000d5f00000,0x00000000d5f00000)
  from space 512K, 81% used [0x00000000d6680000,0x00000000d66e8000,0x00000000d6700000)
  to   space 1024K, 0% used [0x00000000d6500000,0x00000000d6500000,0x00000000d6600000)
 ParOldGen       total 263680K, used 263417K [0x0000000080000000, 0x0000000090180000, 0x00000000d5580000)
  object space 263680K, 99% used [0x0000000080000000,0x000000009013e5f8,0x0000000090180000)
 Metaspace       used 72058K, committed 73728K, reserved 1179648K
  class space    used 7411K, committed 8128K, reserved 1048576K
}

