# JRE version: Java(TM) SE Runtime Environment (8.0_451) (build 1.8.0_451-b10)
# Java VM: Java HotSpot(TM) 64-Bit Server VM (25.451-b10 mixed mode windows-amd64 compressed oops)
Heap:
 PSYoungGen      total 103936K, used 55842K [0x000000076c380000, 0x0000000774200000, 0x00000007c0000000)
  eden space 84992K, 49% used [0x000000076c380000,0x000000076ec65478,0x0000000771680000)
  from space 18944K, 73% used [0x0000000772900000,0x00000007736a33c8,0x0000000773b80000)
  to   space 18944K, 0% used [0x0000000771680000,0x0000000771680000,0x0000000772900000)
 ParOldGen       total 120832K, used 18839K [0x00000006c4a00000, 0x00000006cc000000, 0x000000076c380000)
  object space 120832K, 15% used [0x00000006c4a00000,0x00000006c5c65e60,0x00000006cc000000)
 Metaspace       used 30271K, capacity 31530K, committed 31744K, reserved 1077248K
  class space    used 3544K, capacity 3824K, committed 3840K, reserved 1048576K
GC Heap History (10 events):
Event: 2.657 GC heap before
{Heap before GC invocations=3 (full 0):
 PSYoungGen      total 75264K, used 73974K [0x000000076c380000, 0x0000000771780000, 0x00000007c0000000)
  eden space 64512K, 98% used [0x000000076c380000,0x0000000770141158,0x0000000770280000)
  from space 10752K, 99% used [0x0000000770d00000,0x000000077177c748,0x0000000771780000)
  to   space 10752K, 0% used [0x0000000770280000,0x0000000770280000,0x0000000770d00000)
 ParOldGen       total 172032K, used 2484K [0x00000006c4a00000, 0x00000006cf200000, 0x000000076c380000)
  object space 172032K, 1% used [0x00000006c4a00000,0x00000006c4c6d360,0x00000006cf200000)
 Metaspace       used 20444K, capacity 21204K, committed 21296K, reserved 1069056K
  class space    used 2492K, capacity 2686K, committed 2688K, reserved 1048576K
Event: 2.664 GC heap after
Heap after GC invocations=3 (full 0):
 PSYoungGen      total 75264K, used 10744K [0x000000076c380000, 0x0000000771780000, 0x00000007c0000000)
  eden space 64512K, 0% used [0x000000076c380000,0x000000076c380000,0x0000000770280000)
  from space 10752K, 99% used [0x0000000770280000,0x0000000770cfe110,0x0000000770d00000)
  to   space 10752K, 0% used [0x0000000770d00000,0x0000000770d00000,0x0000000771780000)
 ParOldGen       total 172032K, used 4578K [0x00000006c4a00000, 0x00000006cf200000, 0x000000076c380000)
  object space 172032K, 2% used [0x00000006c4a00000,0x00000006c4e78a20,0x00000006cf200000)
 Metaspace       used 20444K, capacity 21204K, committed 21296K, reserved 1069056K
  class space    used 2492K, capacity 2686K, committed 2688K, reserved 1048576K
}
Event: 2.664 GC heap before
{Heap before GC invocations=4 (full 1):
 PSYoungGen      total 75264K, used 10744K [0x000000076c380000, 0x0000000771780000, 0x00000007c0000000)
  eden space 64512K, 0% used [0x000000076c380000,0x000000076c380000,0x0000000770280000)
  from space 10752K, 99% used [0x0000000770280000,0x0000000770cfe110,0x0000000770d00000)
  to   space 10752K, 0% used [0x0000000770d00000,0x0000000770d00000,0x0000000771780000)
 ParOldGen       total 172032K, used 4578K [0x00000006c4a00000, 0x00000006cf200000, 0x000000076c380000)
  object space 172032K, 2% used [0x00000006c4a00000,0x00000006c4e78a20,0x00000006cf200000)
 Metaspace       used 20444K, capacity 21204K, committed 21296K, reserved 1069056K
  class space    used 2492K, capacity 2686K, committed 2688K, reserved 1048576K
Event: 2.699 GC heap after
Heap after GC invocations=4 (full 1):
 PSYoungGen      total 75264K, used 0K [0x000000076c380000, 0x0000000771780000, 0x00000007c0000000)
  eden space 64512K, 0% used [0x000000076c380000,0x000000076c380000,0x0000000770280000)
  from space 10752K, 0% used [0x0000000770280000,0x0000000770280000,0x0000000770d00000)
  to   space 10752K, 0% used [0x0000000770d00000,0x0000000770d00000,0x0000000771780000)
 ParOldGen       total 120832K, used 12660K [0x00000006c4a00000, 0x00000006cc000000, 0x000000076c380000)
  object space 120832K, 10% used [0x00000006c4a00000,0x00000006c565d100,0x00000006cc000000)
 Metaspace       used 20444K, capacity 21204K, committed 21296K, reserved 1069056K
  class space    used 2492K, capacity 2686K, committed 2688K, reserved 1048576K
}
Event: 3.827 GC heap before
{Heap before GC invocations=5 (full 1):
 PSYoungGen      total 75264K, used 64512K [0x000000076c380000, 0x0000000771780000, 0x00000007c0000000)
  eden space 64512K, 100% used [0x000000076c380000,0x0000000770280000,0x0000000770280000)
  from space 10752K, 0% used [0x0000000770280000,0x0000000770280000,0x0000000770d00000)
  to   space 10752K, 0% used [0x0000000770d00000,0x0000000770d00000,0x0000000771780000)
 ParOldGen       total 120832K, used 12660K [0x00000006c4a00000, 0x00000006cc000000, 0x000000076c380000)
  object space 120832K, 10% used [0x00000006c4a00000,0x00000006c565d100,0x00000006cc000000)
 Metaspace       used 26884K, capacity 28012K, committed 28160K, reserved 1073152K
  class space    used 3248K, capacity 3518K, committed 3584K, reserved 1048576K
Event: 4.844 GC heap after
Heap after GC invocations=5 (full 1):
 PSYoungGen      total 75264K, used 6827K [0x000000076c380000, 0x0000000772e00000, 0x00000007c0000000)
  eden space 64512K, 0% used [0x000000076c380000,0x000000076c380000,0x0000000770280000)
  from space 10752K, 63% used [0x0000000770d00000,0x00000007713aae38,0x0000000771780000)
  to   space 10752K, 0% used [0x0000000770280000,0x0000000770280000,0x0000000770d00000)
 ParOldGen       total 120832K, used 12668K [0x00000006c4a00000, 0x00000006cc000000, 0x000000076c380000)
  object space 120832K, 10% used [0x00000006c4a00000,0x00000006c565f100,0x00000006cc000000)
 Metaspace       used 26884K, capacity 28012K, committed 28160K, reserved 1073152K
  class space    used 3248K, capacity 3518K, committed 3584K, reserved 1048576K
}
Event: 6.021 GC heap before
{Heap before GC invocations=6 (full 1):
 PSYoungGen      total 75264K, used 71339K [0x000000076c380000, 0x0000000772e00000, 0x00000007c0000000)
  eden space 64512K, 100% used [0x000000076c380000,0x0000000770280000,0x0000000770280000)
  from space 10752K, 63% used [0x0000000770d00000,0x00000007713aae38,0x0000000771780000)
  to   space 10752K, 0% used [0x0000000770280000,0x0000000770280000,0x0000000770d00000)
 ParOldGen       total 120832K, used 12668K [0x00000006c4a00000, 0x00000006cc000000, 0x000000076c380000)
  object space 120832K, 10% used [0x00000006c4a00000,0x00000006c565f100,0x00000006cc000000)
 Metaspace       used 28453K, capacity 29682K, committed 29824K, reserved 1075200K
  class space    used 3351K, capacity 3628K, committed 3712K, reserved 1048576K
Event: 6.027 GC heap after
Heap after GC invocations=6 (full 1):
 PSYoungGen      total 75264K, used 10742K [0x000000076c380000, 0x0000000773b80000, 0x00000007c0000000)
  eden space 64512K, 0% used [0x000000076c380000,0x000000076c380000,0x0000000770280000)
  from space 10752K, 99% used [0x0000000770280000,0x0000000770cfd808,0x0000000770d00000)
  to   space 18944K, 0% used [0x0000000772900000,0x0000000772900000,0x0000000773b80000)
 ParOldGen       total 120832K, used 18831K [0x00000006c4a00000, 0x00000006cc000000, 0x000000076c380000)
  object space 120832K, 15% used [0x00000006c4a00000,0x00000006c5c63e60,0x00000006cc000000)
 Metaspace       used 28453K, capacity 29682K, committed 29824K, reserved 1075200K
  class space    used 3351K, capacity 3628K, committed 3712K, reserved 1048576K
}
Event: 6.339 GC heap before
{Heap before GC invocations=7 (full 1):
 PSYoungGen      total 75264K, used 75254K [0x000000076c380000, 0x0000000773b80000, 0x00000007c0000000)
  eden space 64512K, 100% used [0x000000076c380000,0x0000000770280000,0x0000000770280000)
  from space 10752K, 99% used [0x0000000770280000,0x0000000770cfd808,0x0000000770d00000)
  to   space 18944K, 0% used [0x0000000772900000,0x0000000772900000,0x0000000773b80000)
 ParOldGen       total 120832K, used 18831K [0x00000006c4a00000, 0x00000006cc000000, 0x000000076c380000)
  object space 120832K, 15% used [0x00000006c4a00000,0x00000006c5c63e60,0x00000006cc000000)
 Metaspace       used 30112K, capacity 31372K, committed 31488K, reserved 1077248K
  class space    used 3541K, capacity 3819K, committed 3840K, reserved 1048576K
Event: 6.346 GC heap after
Heap after GC invocations=7 (full 1):
 PSYoungGen      total 103936K, used 13964K [0x000000076c380000, 0x0000000774200000, 0x00000007c0000000)
  eden space 84992K, 0% used [0x000000076c380000,0x000000076c380000,0x0000000771680000)
  from space 18944K, 73% used [0x0000000772900000,0x00000007736a33c8,0x0000000773b80000)
  to   space 18944K, 0% used [0x0000000771680000,0x0000000771680000,0x0000000772900000)
 ParOldGen       total 120832K, used 18839K [0x00000006c4a00000, 0x00000006cc000000, 0x000000076c380000)
  object space 120832K, 15% used [0x00000006c4a00000,0x00000006c5c65e60,0x00000006cc000000)
 Metaspace       used 30112K, capacity 31372K, committed 31488K, reserved 1077248K
  class space    used 3541K, capacity 3819K, committed 3840K, reserved 1048576K
}

